0 info it worked if it ends with ok
1 verbose cli [ 'node', '/usr/local/bin/npm', 'publish', '.' ]
2 info using npm@2.9.0
3 info using node@v0.10.31
4 verbose publish [ '.' ]
5 silly cache add args [ '.', null ]
6 verbose cache add spec .
7 silly cache add parsed spec { raw: '.',
7 silly cache add   scope: null,
7 silly cache add   name: null,
7 silly cache add   rawSpec: '.',
7 silly cache add   spec: '/Users/j.christian/dev/connect-modrewrite',
7 silly cache add   type: 'directory' }
8 verbose addLocalDirectory /Users/j.christian/.npm/connect-modrewrite-jgchristian/0.8.1/package.tgz not in flight; packing
9 verbose tar pack [ '/Users/j.christian/.npm/connect-modrewrite-jgchristian/0.8.1/package.tgz',
9 verbose tar pack   '/Users/j.christian/dev/connect-modrewrite' ]
10 verbose tarball /Users/j.christian/.npm/connect-modrewrite-jgchristian/0.8.1/package.tgz
11 verbose folder /Users/j.christian/dev/connect-modrewrite
12 info prepublish connect-modrewrite-jgchristian@0.8.1
13 verbose addLocalTarball adding from inside cache /Users/j.christian/.npm/connect-modrewrite-jgchristian/0.8.1/package.tgz
14 silly cache afterAdd connect-modrewrite-jgchristian@0.8.1
15 verbose afterAdd /Users/j.christian/.npm/connect-modrewrite-jgchristian/0.8.1/package/package.json not in flight; writing
16 verbose afterAdd /Users/j.christian/.npm/connect-modrewrite-jgchristian/0.8.1/package/package.json written
17 silly publish { name: 'connect-modrewrite-jgchristian',
17 silly publish   main: './index.js',
17 silly publish   version: '0.8.1',
17 silly publish   description: 'connect-modrewrite adds modrewrite functionality to connect/express server',
17 silly publish   author: { name: 'Tingan Ho', email: 'tingan87@gmail.com' },
17 silly publish   contributors: [ { name: 'Tingan Ho', email: 'tingan87@gmail.com' } ],
17 silly publish   repository:
17 silly publish    { type: 'git',
17 silly publish      url: 'git://github.com/jgchristian/connect-modrewrite.git' },
17 silly publish   bugs: { url: 'https://github.com/jgchristian/connect-modrewrite/issues' },
17 silly publish   licenses:
17 silly publish    [ { type: 'MIT',
17 silly publish        url: 'https://github.com/jgchristian/connect-modrewrite/blob/master/LICENSE-MIT' } ],
17 silly publish   dependencies: { qs: '^1.2.2' },
17 silly publish   devDependencies:
17 silly publish    { 'grunt-contrib-jshint': '^0.8.0',
17 silly publish      grunt: '~0.4.0',
17 silly publish      chai: '~1.4.2',
17 silly publish      mocha: '~1.8.1',
17 silly publish      sinon: '~1.8.2',
17 silly publish      'sinon-chai': '~2.5.0',
17 silly publish      proxyquire: '~0.5.2',
17 silly publish      'jshint-globals': '~0.1.0' },
17 silly publish   scripts: { test: './bin/test' },
17 silly publish   keywords: [ 'modrewrite' ],
17 silly publish   readme: 'TEMPORARY TEST FORK of connect-modrewrite\n========================\n\nconnect-modrewrite [![Build Status](https://travis-ci.org/tinganho/connect-modrewrite.png)](https://travis-ci.org/tinganho/connect-modrewrite)\n========================\n\n[![NPM](https://nodei.co/npm/connect-modrewrite.png?downloads=true&stars=true)](https://nodei.co/npm/connect-modrewrite/)\n\n`connect-modrewrite` adds modrewrite functionality to connect/express server.\n\n# Getting started\nInstall `connect-modrewrite` with:\n```bash\nnpm install connect-modrewrite --save\n```\n\nRequire it:\n\n```javascript\nvar modRewrite = require(\'connect-modrewrite\');\n```\nAn example configuration:\n\n```javascript\nvar app = connect() // express() for express 3.x  server\n// app.configure(function() { for express 3.x server\n  .use(modRewrite([\n    \'^/test$ /index.html\',\n    \'^/test/\\\\d*$ /index.html [L]\',\n    \'^/test/\\\\d*/\\\\d*$ /flag.html [L]\'\n  ]))\n  .use(connect.static(options.base))\n  .listen(3000)\n// }) for express 3.x server\n```\n\n# Configurations\nIn the example above, `modRewrite` take as an `Array` of rewrite rules as an argument.\nEach rewrite rule is a string with the syntax:\n`MATCHING_PATHS REPLACE_WITH [FLAGS]`.\n`MATCHING_PATHS` should be defined using a regex string. And that string is passed as an argument to the javascript `RegExp Object` for matching of paths. `REPLACE_WITH` is the replacement string for matching paths. Flags is optional and is defined using hard brackets.\n\n## Inverted URL matching\nBegin with `!` for inverted URL matching.\n\n## Use defined params\nJust wrap the defined param with `()` and access it with `$n`. This is defined in JS `.replace` in https://developer.mozilla.org/en/docs/JavaScript/Reference/Global_Objects/String/replace.\n\n`^/blog/(.*) /$1`\n\n## Dash\nA dash indicates that no substitution should be performed.\n\n`^/blog/(.*) - [L]`\n\n## Flags\n### Last [L]\nIf a path matches, any subsequent rewrite rules will be disregarded.\n\n### Proxy [P]\nProxy your requests\n```javasript\n\'^/test/proxy/(.*)$ http://nodejs.org/$1 [P]\'\n```\n\n### Redirect [R], \\[R=3**\\] (replace * with numbers)\nIssue a redirect for request.\n\n### Nocase [NC]\nRegex match will be case-insensitive.\n\n### Forbidden [F]\nGives a HTTP 403 forbidden response.\n\n### Gone [G]\nGives a HTTP 410 gone response.\n\n### Type \\[T=*\\] (replace * with mime-type)\nSets content-type to the specified one.\n\n### Host [H], \\[H=*\\] (replace * with a regular expression that match a hostname)\nMatch on host.\n\nFor more info about available flags, please go to the Apache page:\nhttp://httpd.apache.org/docs/current/rewrite/flags.html\n\n## Authors\nTingan Ho, [@tingan87][]\n\n## License\nLicensed under the MIT license.\n\n## Other recommended projects\n### L10ns\n[L10ns][] is an internationalization workflow and formatting tool. It handles complex localization problems like pluralization, genus based formatting etc. It also provides a workflow similar to XGettext.\n\n[@tingan87]: https://twitter.com/tingan87\n[L10ns]: http://l10ns.org\n',
17 silly publish   readmeFilename: 'README.md',
17 silly publish   gitHead: '08de509eae2f761d4f1484c5be745d7b792b0487',
17 silly publish   homepage: 'https://github.com/jgchristian/connect-modrewrite#readme',
17 silly publish   _id: 'connect-modrewrite-jgchristian@0.8.1',
17 silly publish   _shasum: 'ade020c0009a946882d8012103cb82d2f9392793',
17 silly publish   _from: '.' }
18 verbose getPublishConfig undefined
19 silly mapToRegistry name connect-modrewrite-jgchristian
20 silly mapToRegistry using default registry
21 silly mapToRegistry registry https://registry.npmjs.org/
22 silly mapToRegistry uri https://registry.npmjs.org/connect-modrewrite-jgchristian
23 verbose publish registryBase https://registry.npmjs.org/
24 silly publish uploading /Users/j.christian/.npm/connect-modrewrite-jgchristian/0.8.1/package.tgz
25 verbose request uri https://registry.npmjs.org/connect-modrewrite-jgchristian
26 verbose request sending authorization for write operation
27 info attempt registry request try #1 at 15:55:24
28 verbose request using bearer token for auth
29 verbose request id 16f8236b93d0a612
30 http request PUT https://registry.npmjs.org/connect-modrewrite-jgchristian
31 http 403 https://registry.npmjs.org/connect-modrewrite-jgchristian
32 verbose headers { 'content-type': 'application/json',
32 verbose headers   'cache-control': 'max-age=60',
32 verbose headers   'content-length': '95',
32 verbose headers   'accept-ranges': 'bytes',
32 verbose headers   date: 'Mon, 03 Aug 2015 14:55:25 GMT',
32 verbose headers   via: '1.1 varnish',
32 verbose headers   connection: 'keep-alive',
32 verbose headers   'x-served-by': 'cache-ams4141-AMS',
32 verbose headers   'x-cache': 'MISS',
32 verbose headers   'x-cache-hits': '0',
32 verbose headers   'x-timer': 'S1438613725.128743,VS0,VE781' }
33 verbose request invalidating /Users/j.christian/.npm/registry.npmjs.org/connect-modrewrite-jgchristian on PUT
34 error publish Failed PUT 403
35 verbose stack Error: "You cannot publish over the previously published version 0.8.1." : connect-modrewrite-jgchristian
35 verbose stack     at CachingRegistryClient.<anonymous> (/usr/local/lib/node_modules/npm/node_modules/npm-registry-client/lib/request.js:247:14)
35 verbose stack     at Request._callback (/usr/local/lib/node_modules/npm/node_modules/npm-registry-client/lib/request.js:170:14)
35 verbose stack     at Request.self.callback (/usr/local/lib/node_modules/npm/node_modules/request/request.js:368:22)
35 verbose stack     at Request.emit (events.js:98:17)
35 verbose stack     at Request.<anonymous> (/usr/local/lib/node_modules/npm/node_modules/request/request.js:1219:14)
35 verbose stack     at Request.emit (events.js:117:20)
35 verbose stack     at IncomingMessage.<anonymous> (/usr/local/lib/node_modules/npm/node_modules/request/request.js:1167:12)
35 verbose stack     at IncomingMessage.emit (events.js:117:20)
35 verbose stack     at _stream_readable.js:943:16
35 verbose stack     at process._tickCallback (node.js:419:13)
36 verbose statusCode 403
37 verbose pkgid connect-modrewrite-jgchristian
38 verbose cwd /Users/j.christian/dev/connect-modrewrite
39 error Darwin 14.3.0
40 error argv "node" "/usr/local/bin/npm" "publish" "."
41 error node v0.10.31
42 error npm  v2.9.0
43 error code E403
44 error "You cannot publish over the previously published version 0.8.1." : connect-modrewrite-jgchristian
45 error If you need help, you may report this error at:
45 error     <https://github.com/npm/npm/issues>
46 verbose exit [ 1, true ]
